2021-04-12 05:57:37 [main] INFO  c.m.d.t.t.k.s.TwitterToKafkaServiceApplication - Starting TwitterToKafkaServiceApplication on Hieps-iMac.local with PID 1849 (/Users/hieptran/Downloads/Studying/Architecture/code/microservices-demo/twitter-to-kafka-service/target/classes started by hieptran in /Users/hieptran/Downloads/Studying/Architecture/code/microservices-demo)
2021-04-12 05:57:37 [main] INFO  c.m.d.t.t.k.s.TwitterToKafkaServiceApplication - No active profile set, falling back to default profiles: default
2021-04-12 05:57:38 [main] WARN  o.s.c.a.AnnotationConfigApplicationContext - Exception encountered during context initialization - cancelling refresh attempt: org.springframework.beans.factory.UnsatisfiedDependencyException: Error creating bean with name 'twitterToKafkaServiceApplication': Unsatisfied dependency expressed through constructor parameter 1; nested exception is org.springframework.beans.factory.NoSuchBeanDefinitionException: No qualifying bean of type 'com.microservices.demo.twitter.to.kafka.service.runner.StreamRunner' available: expected at least 1 bean which qualifies as autowire candidate. Dependency annotations: {@org.springframework.beans.factory.annotation.Qualifier(value="mockKafkaStreamRunner")}
2021-04-12 05:57:38 [main] INFO  o.s.b.a.l.ConditionEvaluationReportLoggingListener - 

Error starting ApplicationContext. To display the conditions report re-run your application with 'debug' enabled.
2021-04-12 05:57:38 [main] ERROR o.s.boot.SpringApplication - Application run failed
org.springframework.beans.factory.UnsatisfiedDependencyException: Error creating bean with name 'twitterToKafkaServiceApplication': Unsatisfied dependency expressed through constructor parameter 1; nested exception is org.springframework.beans.factory.NoSuchBeanDefinitionException: No qualifying bean of type 'com.microservices.demo.twitter.to.kafka.service.runner.StreamRunner' available: expected at least 1 bean which qualifies as autowire candidate. Dependency annotations: {@org.springframework.beans.factory.annotation.Qualifier(value="mockKafkaStreamRunner")}
	at org.springframework.beans.factory.support.ConstructorResolver.createArgumentArray(ConstructorResolver.java:797)
	at org.springframework.beans.factory.support.ConstructorResolver.autowireConstructor(ConstructorResolver.java:227)
	at org.springframework.beans.factory.support.AbstractAutowireCapableBeanFactory.autowireConstructor(AbstractAutowireCapableBeanFactory.java:1356)
	at org.springframework.beans.factory.support.AbstractAutowireCapableBeanFactory.createBeanInstance(AbstractAutowireCapableBeanFactory.java:1203)
	at org.springframework.beans.factory.support.AbstractAutowireCapableBeanFactory.doCreateBean(AbstractAutowireCapableBeanFactory.java:556)
	at org.springframework.beans.factory.support.AbstractAutowireCapableBeanFactory.createBean(AbstractAutowireCapableBeanFactory.java:516)
	at org.springframework.beans.factory.support.AbstractBeanFactory.lambda$doGetBean$0(AbstractBeanFactory.java:324)
	at org.springframework.beans.factory.support.DefaultSingletonBeanRegistry.getSingleton(DefaultSingletonBeanRegistry.java:234)
	at org.springframework.beans.factory.support.AbstractBeanFactory.doGetBean(AbstractBeanFactory.java:322)
	at org.springframework.beans.factory.support.AbstractBeanFactory.getBean(AbstractBeanFactory.java:202)
	at org.springframework.beans.factory.support.DefaultListableBeanFactory.preInstantiateSingletons(DefaultListableBeanFactory.java:897)
	at org.springframework.context.support.AbstractApplicationContext.finishBeanFactoryInitialization(AbstractApplicationContext.java:879)
	at org.springframework.context.support.AbstractApplicationContext.refresh(AbstractApplicationContext.java:551)
	at org.springframework.boot.SpringApplication.refresh(SpringApplication.java:758)
	at org.springframework.boot.SpringApplication.refresh(SpringApplication.java:750)
	at org.springframework.boot.SpringApplication.refreshContext(SpringApplication.java:397)
	at org.springframework.boot.SpringApplication.run(SpringApplication.java:315)
	at org.springframework.boot.SpringApplication.run(SpringApplication.java:1237)
	at org.springframework.boot.SpringApplication.run(SpringApplication.java:1226)
	at com.microservices.demo.twitter.to.kafka.service.TwitterToKafkaServiceApplication.main(TwitterToKafkaServiceApplication.java:32)
Caused by: org.springframework.beans.factory.NoSuchBeanDefinitionException: No qualifying bean of type 'com.microservices.demo.twitter.to.kafka.service.runner.StreamRunner' available: expected at least 1 bean which qualifies as autowire candidate. Dependency annotations: {@org.springframework.beans.factory.annotation.Qualifier(value="mockKafkaStreamRunner")}
	at org.springframework.beans.factory.support.DefaultListableBeanFactory.raiseNoMatchingBeanFound(DefaultListableBeanFactory.java:1717)
	at org.springframework.beans.factory.support.DefaultListableBeanFactory.doResolveDependency(DefaultListableBeanFactory.java:1273)
	at org.springframework.beans.factory.support.DefaultListableBeanFactory.resolveDependency(DefaultListableBeanFactory.java:1227)
	at org.springframework.beans.factory.support.ConstructorResolver.resolveAutowiredArgument(ConstructorResolver.java:884)
	at org.springframework.beans.factory.support.ConstructorResolver.createArgumentArray(ConstructorResolver.java:788)
	... 19 common frames omitted
2021-04-12 05:58:26 [main] INFO  c.m.d.t.t.k.s.TwitterToKafkaServiceApplication - Starting TwitterToKafkaServiceApplication on Hieps-iMac.local with PID 1861 (/Users/hieptran/Downloads/Studying/Architecture/code/microservices-demo/twitter-to-kafka-service/target/classes started by hieptran in /Users/hieptran/Downloads/Studying/Architecture/code/microservices-demo)
2021-04-12 05:58:26 [main] INFO  c.m.d.t.t.k.s.TwitterToKafkaServiceApplication - No active profile set, falling back to default profiles: default
2021-04-12 05:58:27 [main] WARN  o.s.c.a.AnnotationConfigApplicationContext - Exception encountered during context initialization - cancelling refresh attempt: org.springframework.beans.factory.UnsatisfiedDependencyException: Error creating bean with name 'twitterToKafkaServiceApplication': Unsatisfied dependency expressed through constructor parameter 1; nested exception is org.springframework.beans.factory.NoSuchBeanDefinitionException: No qualifying bean of type 'com.microservices.demo.twitter.to.kafka.service.runner.StreamRunner' available: expected at least 1 bean which qualifies as autowire candidate. Dependency annotations: {}
2021-04-12 05:58:27 [main] INFO  o.s.b.a.l.ConditionEvaluationReportLoggingListener - 

Error starting ApplicationContext. To display the conditions report re-run your application with 'debug' enabled.
2021-04-12 05:58:27 [main] ERROR o.s.b.d.LoggingFailureAnalysisReporter - 

***************************
APPLICATION FAILED TO START
***************************

Description:

Parameter 1 of constructor in com.microservices.demo.twitter.to.kafka.service.TwitterToKafkaServiceApplication required a bean of type 'com.microservices.demo.twitter.to.kafka.service.runner.StreamRunner' that could not be found.


Action:

Consider defining a bean of type 'com.microservices.demo.twitter.to.kafka.service.runner.StreamRunner' in your configuration.

2021-04-12 05:59:56 [main] INFO  c.m.d.t.t.k.s.TwitterToKafkaServiceApplication - Starting TwitterToKafkaServiceApplication on Hieps-iMac.local with PID 1880 (/Users/hieptran/Downloads/Studying/Architecture/code/microservices-demo/twitter-to-kafka-service/target/classes started by hieptran in /Users/hieptran/Downloads/Studying/Architecture/code/microservices-demo)
2021-04-12 05:59:56 [main] INFO  c.m.d.t.t.k.s.TwitterToKafkaServiceApplication - No active profile set, falling back to default profiles: default
2021-04-12 05:59:56 [main] WARN  o.s.c.a.AnnotationConfigApplicationContext - Exception encountered during context initialization - cancelling refresh attempt: org.springframework.beans.factory.UnsatisfiedDependencyException: Error creating bean with name 'twitterToKafkaServiceApplication': Unsatisfied dependency expressed through field 'streamRunner'; nested exception is org.springframework.beans.factory.NoSuchBeanDefinitionException: No qualifying bean of type 'com.microservices.demo.twitter.to.kafka.service.runner.StreamRunner' available: expected at least 1 bean which qualifies as autowire candidate. Dependency annotations: {@org.springframework.beans.factory.annotation.Autowired(required=true)}
2021-04-12 05:59:56 [main] INFO  o.s.b.a.l.ConditionEvaluationReportLoggingListener - 

Error starting ApplicationContext. To display the conditions report re-run your application with 'debug' enabled.
2021-04-12 05:59:56 [main] ERROR o.s.b.d.LoggingFailureAnalysisReporter - 

***************************
APPLICATION FAILED TO START
***************************

Description:

Field streamRunner in com.microservices.demo.twitter.to.kafka.service.TwitterToKafkaServiceApplication required a bean of type 'com.microservices.demo.twitter.to.kafka.service.runner.StreamRunner' that could not be found.

The injection point has the following annotations:
	- @org.springframework.beans.factory.annotation.Autowired(required=true)


Action:

Consider defining a bean of type 'com.microservices.demo.twitter.to.kafka.service.runner.StreamRunner' in your configuration.

2021-04-12 06:01:20 [main] INFO  c.m.d.t.t.k.s.TwitterToKafkaServiceApplication - Starting TwitterToKafkaServiceApplication on Hieps-iMac.local with PID 1886 (/Users/hieptran/Downloads/Studying/Architecture/code/microservices-demo/twitter-to-kafka-service/target/classes started by hieptran in /Users/hieptran/Downloads/Studying/Architecture/code/microservices-demo)
2021-04-12 06:01:20 [main] INFO  c.m.d.t.t.k.s.TwitterToKafkaServiceApplication - No active profile set, falling back to default profiles: default
2021-04-12 06:01:21 [main] WARN  o.s.c.a.AnnotationConfigApplicationContext - Exception encountered during context initialization - cancelling refresh attempt: org.springframework.beans.factory.UnsatisfiedDependencyException: Error creating bean with name 'twitterToKafkaServiceApplication': Unsatisfied dependency expressed through constructor parameter 1; nested exception is org.springframework.beans.factory.NoSuchBeanDefinitionException: No qualifying bean of type 'com.microservices.demo.twitter.to.kafka.service.runner.StreamRunner' available: expected at least 1 bean which qualifies as autowire candidate. Dependency annotations: {@org.springframework.beans.factory.annotation.Qualifier(value="mockKafkaStreamRunner")}
2021-04-12 06:01:21 [main] INFO  o.s.b.a.l.ConditionEvaluationReportLoggingListener - 

Error starting ApplicationContext. To display the conditions report re-run your application with 'debug' enabled.
2021-04-12 06:01:21 [main] ERROR o.s.b.d.LoggingFailureAnalysisReporter - 

***************************
APPLICATION FAILED TO START
***************************

Description:

Parameter 1 of constructor in com.microservices.demo.twitter.to.kafka.service.TwitterToKafkaServiceApplication required a bean of type 'com.microservices.demo.twitter.to.kafka.service.runner.StreamRunner' that could not be found.

The injection point has the following annotations:
	- @org.springframework.beans.factory.annotation.Qualifier(value="mockKafkaStreamRunner")


Action:

Consider defining a bean of type 'com.microservices.demo.twitter.to.kafka.service.runner.StreamRunner' in your configuration.

2021-04-12 06:02:07 [main] INFO  c.m.d.t.t.k.s.TwitterToKafkaServiceApplication - Starting TwitterToKafkaServiceApplication on Hieps-iMac.local with PID 1895 (/Users/hieptran/Downloads/Studying/Architecture/code/microservices-demo/twitter-to-kafka-service/target/classes started by hieptran in /Users/hieptran/Downloads/Studying/Architecture/code/microservices-demo)
2021-04-12 06:02:07 [main] INFO  c.m.d.t.t.k.s.TwitterToKafkaServiceApplication - No active profile set, falling back to default profiles: default
2021-04-12 06:02:08 [main] WARN  o.s.c.a.AnnotationConfigApplicationContext - Exception encountered during context initialization - cancelling refresh attempt: org.springframework.beans.factory.UnsatisfiedDependencyException: Error creating bean with name 'twitterToKafkaServiceApplication': Unsatisfied dependency expressed through constructor parameter 1; nested exception is org.springframework.beans.factory.NoSuchBeanDefinitionException: No qualifying bean of type 'com.microservices.demo.twitter.to.kafka.service.runner.StreamRunner' available: expected at least 1 bean which qualifies as autowire candidate. Dependency annotations: {@org.springframework.beans.factory.annotation.Qualifier(value="mockKafkaStreamRunner")}
2021-04-12 06:02:08 [main] INFO  o.s.b.a.l.ConditionEvaluationReportLoggingListener - 

Error starting ApplicationContext. To display the conditions report re-run your application with 'debug' enabled.
2021-04-12 06:02:08 [main] ERROR o.s.b.d.LoggingFailureAnalysisReporter - 

***************************
APPLICATION FAILED TO START
***************************

Description:

Parameter 1 of constructor in com.microservices.demo.twitter.to.kafka.service.TwitterToKafkaServiceApplication required a bean of type 'com.microservices.demo.twitter.to.kafka.service.runner.StreamRunner' that could not be found.

The injection point has the following annotations:
	- @org.springframework.beans.factory.annotation.Qualifier(value="mockKafkaStreamRunner")


Action:

Consider defining a bean of type 'com.microservices.demo.twitter.to.kafka.service.runner.StreamRunner' in your configuration.

2021-04-12 06:05:38 [main] INFO  c.m.d.t.t.k.s.TwitterToKafkaServiceApplication - Starting TwitterToKafkaServiceApplication on Hieps-iMac.local with PID 1932 (/Users/hieptran/Downloads/Studying/Architecture/code/microservices-demo/twitter-to-kafka-service/target/classes started by hieptran in /Users/hieptran/Downloads/Studying/Architecture/code/microservices-demo)
2021-04-12 06:05:38 [main] INFO  c.m.d.t.t.k.s.TwitterToKafkaServiceApplication - No active profile set, falling back to default profiles: default
2021-04-12 06:05:39 [main] WARN  o.s.c.a.AnnotationConfigApplicationContext - Exception encountered during context initialization - cancelling refresh attempt: org.springframework.beans.factory.UnsatisfiedDependencyException: Error creating bean with name 'twitterToKafkaServiceApplication': Unsatisfied dependency expressed through constructor parameter 1; nested exception is org.springframework.beans.factory.NoSuchBeanDefinitionException: No qualifying bean of type 'com.microservices.demo.twitter.to.kafka.service.runner.StreamRunner' available: expected at least 1 bean which qualifies as autowire candidate. Dependency annotations: {}
2021-04-12 06:05:39 [main] INFO  o.s.b.a.l.ConditionEvaluationReportLoggingListener - 

Error starting ApplicationContext. To display the conditions report re-run your application with 'debug' enabled.
2021-04-12 06:05:39 [main] ERROR o.s.b.d.LoggingFailureAnalysisReporter - 

***************************
APPLICATION FAILED TO START
***************************

Description:

Parameter 1 of constructor in com.microservices.demo.twitter.to.kafka.service.TwitterToKafkaServiceApplication required a bean of type 'com.microservices.demo.twitter.to.kafka.service.runner.StreamRunner' that could not be found.


Action:

Consider defining a bean of type 'com.microservices.demo.twitter.to.kafka.service.runner.StreamRunner' in your configuration.

2021-04-12 06:06:28 [main] INFO  c.m.d.t.t.k.s.TwitterToKafkaServiceApplication - Starting TwitterToKafkaServiceApplication on Hieps-iMac.local with PID 1940 (/Users/hieptran/Downloads/Studying/Architecture/code/microservices-demo/twitter-to-kafka-service/target/classes started by hieptran in /Users/hieptran/Downloads/Studying/Architecture/code/microservices-demo)
2021-04-12 06:06:28 [main] INFO  c.m.d.t.t.k.s.TwitterToKafkaServiceApplication - No active profile set, falling back to default profiles: default
2021-04-12 06:06:28 [main] WARN  o.s.c.a.AnnotationConfigApplicationContext - Exception encountered during context initialization - cancelling refresh attempt: org.springframework.beans.factory.UnsatisfiedDependencyException: Error creating bean with name 'twitterToKafkaServiceApplication': Unsatisfied dependency expressed through constructor parameter 1; nested exception is org.springframework.beans.factory.NoSuchBeanDefinitionException: No qualifying bean of type 'com.microservices.demo.twitter.to.kafka.service.runner.StreamRunner' available: expected at least 1 bean which qualifies as autowire candidate. Dependency annotations: {}
2021-04-12 06:06:28 [main] INFO  o.s.b.a.l.ConditionEvaluationReportLoggingListener - 

Error starting ApplicationContext. To display the conditions report re-run your application with 'debug' enabled.
2021-04-12 06:06:29 [main] ERROR o.s.b.d.LoggingFailureAnalysisReporter - 

***************************
APPLICATION FAILED TO START
***************************

Description:

Parameter 1 of constructor in com.microservices.demo.twitter.to.kafka.service.TwitterToKafkaServiceApplication required a bean of type 'com.microservices.demo.twitter.to.kafka.service.runner.StreamRunner' that could not be found.


Action:

Consider defining a bean of type 'com.microservices.demo.twitter.to.kafka.service.runner.StreamRunner' in your configuration.

2021-04-12 06:13:47 [main] INFO  c.m.d.t.t.k.s.TwitterToKafkaServiceApplication - Starting TwitterToKafkaServiceApplication on Hieps-iMac.local with PID 2125 (/Users/hieptran/Downloads/Studying/Architecture/code/microservices-demo/twitter-to-kafka-service/target/classes started by hieptran in /Users/hieptran/Downloads/Studying/Architecture/code/microservices-demo)
2021-04-12 06:13:47 [main] INFO  c.m.d.t.t.k.s.TwitterToKafkaServiceApplication - No active profile set, falling back to default profiles: default
2021-04-12 06:13:48 [main] WARN  o.s.c.a.AnnotationConfigApplicationContext - Exception encountered during context initialization - cancelling refresh attempt: org.springframework.beans.factory.UnsatisfiedDependencyException: Error creating bean with name 'twitterToKafkaServiceApplication': Unsatisfied dependency expressed through constructor parameter 1; nested exception is org.springframework.beans.factory.NoSuchBeanDefinitionException: No qualifying bean of type 'com.microservices.demo.twitter.to.kafka.service.runner.StreamRunner' available: expected at least 1 bean which qualifies as autowire candidate. Dependency annotations: {}
2021-04-12 06:13:48 [main] INFO  o.s.b.a.l.ConditionEvaluationReportLoggingListener - 

Error starting ApplicationContext. To display the conditions report re-run your application with 'debug' enabled.
2021-04-12 06:13:48 [main] ERROR o.s.b.d.LoggingFailureAnalysisReporter - 

***************************
APPLICATION FAILED TO START
***************************

Description:

Parameter 1 of constructor in com.microservices.demo.twitter.to.kafka.service.TwitterToKafkaServiceApplication required a bean of type 'com.microservices.demo.twitter.to.kafka.service.runner.StreamRunner' that could not be found.


Action:

Consider defining a bean of type 'com.microservices.demo.twitter.to.kafka.service.runner.StreamRunner' in your configuration.

2021-04-12 06:18:52 [main] INFO  c.m.d.t.t.k.s.TwitterToKafkaServiceApplication - Starting TwitterToKafkaServiceApplication on Hieps-iMac.local with PID 2168 (/Users/hieptran/Downloads/Studying/Architecture/code/microservices-demo/twitter-to-kafka-service/target/classes started by hieptran in /Users/hieptran/Downloads/Studying/Architecture/code/microservices-demo)
2021-04-12 06:18:52 [main] INFO  c.m.d.t.t.k.s.TwitterToKafkaServiceApplication - No active profile set, falling back to default profiles: default
2021-04-12 06:18:53 [main] INFO  c.m.d.t.t.k.s.TwitterToKafkaServiceApplication - Started TwitterToKafkaServiceApplication in 0.917 seconds (JVM running for 1.916)
2021-04-12 06:18:53 [main] INFO  c.m.d.t.t.k.s.TwitterToKafkaServiceApplication - App starts...
2021-04-12 06:18:53 [main] INFO  c.m.d.t.t.k.s.TwitterToKafkaServiceApplication - [Java, Microservices, Kafka, Elasticsearch]
2021-04-12 06:18:53 [main] INFO  c.m.d.t.t.k.s.TwitterToKafkaServiceApplication - Hello microservices!
2021-04-12 06:18:53 [main] INFO  c.m.d.t.t.k.s.r.i.MockKafkaStreamRunner - Starting mock filtering twitter streams for keywords [Java, Microservices, Kafka, Elasticsearch]
2021-04-12 06:18:53 [pool-1-thread-1] INFO  c.m.d.t.t.k.s.l.TwitterKafkaStatusListener - Twitter status with text libero ipsum Lorem purus Maecenas Microservices congue Fusce massa
2021-04-12 06:19:03 [pool-1-thread-1] INFO  c.m.d.t.t.k.s.l.TwitterKafkaStatusListener - Twitter status with text magna lectus dolor Elasticsearch pulvinar magna
2021-04-12 06:19:13 [pool-1-thread-1] INFO  c.m.d.t.t.k.s.l.TwitterKafkaStatusListener - Twitter status with text magna purus congue magna Microservices adipiscing consectetuer pulvinar
2021-04-12 06:19:23 [pool-1-thread-1] INFO  c.m.d.t.t.k.s.l.TwitterKafkaStatusListener - Twitter status with text Maecenas congue lectus purus Maecenas adipiscing sit Java lectus ipsum ipsum Fusce Fusce Maecenas
